2022-03-08 08:32:47,642 [Worker-5: Loading available Gradle versions] INFO  o.e.b.c.i.u.g.PublishedGradleVersions - Gradle version information cache is up-to-date. Trying to read.
2022-03-08 08:34:18,704 [Worker-5: Loading available Gradle versions] INFO  o.e.b.c.i.u.g.PublishedGradleVersions - Gradle version information cache is up-to-date. Trying to read.
2022-03-08 09:00:19,795 [Worker-1: Creating project "MySimpleMavenAnotherProject"] INFO  o.e.m.c.i.l.LifecycleMappingFactory - Using org.eclipse.m2e.jdt.JarLifecycleMapping lifecycle mapping for MavenProject: MyProjects:MySimpleMavenAnotherProject:0.0.1-SNAPSHOT @ C:\Users\DELL\eclipse-workspace\maven\MySimpleMavenAnotherProject\pom.xml.
2022-03-08 09:00:22,029 [Worker-1: Creating project "MySimpleMavenAnotherProject"] INFO  o.e.m.j.i.AbstractJavaProjectConfigurator - Adding source folder /MySimpleMavenAnotherProject/src/main/java
2022-03-08 09:00:22,032 [Worker-1: Creating project "MySimpleMavenAnotherProject"] INFO  o.e.m.j.i.AbstractJavaProjectConfigurator - Adding resource folder /MySimpleMavenAnotherProject/src/main/resources
2022-03-08 09:00:22,033 [Worker-1: Creating project "MySimpleMavenAnotherProject"] INFO  o.e.m.j.i.AbstractJavaProjectConfigurator - Adding source folder /MySimpleMavenAnotherProject/src/test/java
2022-03-08 09:00:22,034 [Worker-1: Creating project "MySimpleMavenAnotherProject"] INFO  o.e.m.j.i.AbstractJavaProjectConfigurator - Adding resource folder /MySimpleMavenAnotherProject/src/test/resources
2022-03-08 09:00:24,072 [Worker-14: Building] WARN  o.e.m.c.i.embedder.EclipseLogger - Using platform encoding (Cp1252 actually) to copy filtered resources, i.e. build is platform dependent!
2022-03-08 09:00:24,126 [Worker-14: Building] INFO  o.e.m.c.i.embedder.EclipseLogger - Copying 0 resource
2022-03-08 09:00:24,130 [Worker-14: Building] WARN  o.e.m.c.i.embedder.EclipseLogger - Using platform encoding (Cp1252 actually) to copy filtered resources, i.e. build is platform dependent!
2022-03-08 09:00:24,131 [Worker-14: Building] INFO  o.e.m.c.i.embedder.EclipseLogger - Copying 0 resource
2022-03-08 09:23:34,680 [Worker-17: Building] WARN  o.e.m.c.i.embedder.EclipseLogger - Using platform encoding (Cp1252 actually) to copy filtered resources, i.e. build is platform dependent!
2022-03-08 09:23:35,373 [Worker-17: Building] INFO  o.e.m.c.i.embedder.EclipseLogger - Copying 0 resource
2022-03-08 09:23:35,375 [Worker-17: Building] WARN  o.e.m.c.i.embedder.EclipseLogger - Using platform encoding (Cp1252 actually) to copy filtered resources, i.e. build is platform dependent!
2022-03-08 09:23:35,377 [Worker-17: Building] INFO  o.e.m.c.i.embedder.EclipseLogger - Copying 0 resource
2022-03-08 09:23:36,550 [Worker-21: Building] WARN  o.e.m.c.i.embedder.EclipseLogger - Using platform encoding (Cp1252 actually) to copy filtered resources, i.e. build is platform dependent!
2022-03-08 09:23:36,552 [Worker-21: Building] INFO  o.e.m.c.i.embedder.EclipseLogger - Copying 0 resource
2022-03-08 09:23:36,554 [Worker-21: Building] WARN  o.e.m.c.i.embedder.EclipseLogger - Using platform encoding (Cp1252 actually) to copy filtered resources, i.e. build is platform dependent!
2022-03-08 09:23:36,592 [Worker-21: Building] INFO  o.e.m.c.i.embedder.EclipseLogger - Copying 0 resource
2022-03-08 09:39:44,658 [Worker-25: Creating project "Mytable"] INFO  o.e.m.c.i.l.LifecycleMappingFactory - Using org.eclipse.m2e.jdt.JarLifecycleMapping lifecycle mapping for MavenProject: EmployeeTable:Mytable:0.0.1-SNAPSHOT @ C:\Users\DELL\eclipse-workspace\maven\Mytable\pom.xml.
2022-03-08 09:39:44,738 [Worker-25: Creating project "Mytable"] INFO  o.e.m.j.i.AbstractJavaProjectConfigurator - Adding source folder /Mytable/src/main/java
2022-03-08 09:39:44,739 [Worker-25: Creating project "Mytable"] INFO  o.e.m.j.i.AbstractJavaProjectConfigurator - Adding resource folder /Mytable/src/main/resources
2022-03-08 09:39:44,740 [Worker-25: Creating project "Mytable"] INFO  o.e.m.j.i.AbstractJavaProjectConfigurator - Adding source folder /Mytable/src/test/java
2022-03-08 09:39:44,741 [Worker-25: Creating project "Mytable"] INFO  o.e.m.j.i.AbstractJavaProjectConfigurator - Adding resource folder /Mytable/src/test/resources
2022-03-08 09:39:45,292 [Worker-22: Building] WARN  o.e.m.c.i.embedder.EclipseLogger - Using platform encoding (Cp1252 actually) to copy filtered resources, i.e. build is platform dependent!
2022-03-08 09:39:45,301 [Worker-22: Building] INFO  o.e.m.c.i.embedder.EclipseLogger - Copying 0 resource
2022-03-08 09:39:45,305 [Worker-22: Building] WARN  o.e.m.c.i.embedder.EclipseLogger - Using platform encoding (Cp1252 actually) to copy filtered resources, i.e. build is platform dependent!
2022-03-08 09:39:45,311 [Worker-22: Building] INFO  o.e.m.c.i.embedder.EclipseLogger - Copying 0 resource
2022-03-08 09:40:07,490 [Worker-25: Building] WARN  o.e.m.c.i.embedder.EclipseLogger - Using platform encoding (Cp1252 actually) to copy filtered resources, i.e. build is platform dependent!
2022-03-08 09:40:07,493 [Worker-25: Building] INFO  o.e.m.c.i.embedder.EclipseLogger - Copying 0 resource
2022-03-08 09:40:07,494 [Worker-25: Building] WARN  o.e.m.c.i.embedder.EclipseLogger - Using platform encoding (Cp1252 actually) to copy filtered resources, i.e. build is platform dependent!
2022-03-08 09:40:07,499 [Worker-25: Building] INFO  o.e.m.c.i.embedder.EclipseLogger - Copying 0 resource
2022-03-08 10:23:01,950 [Worker-0: Loading available Gradle versions] INFO  o.e.b.c.i.u.g.PublishedGradleVersions - Gradle version information cache is up-to-date. Trying to read.
2022-03-08 10:34:54,789 [Worker-5: Creating project "HibernateTestApp"] INFO  o.e.m.c.i.l.LifecycleMappingFactory - Using org.eclipse.m2e.jdt.JarLifecycleMapping lifecycle mapping for MavenProject: MyProject:HibernateTestApp:0.0.1-SNAPSHOT @ C:\Users\DELL\eclipse-workspace\maven\HibernateTestApp\pom.xml.
2022-03-08 10:34:56,459 [Worker-5: Creating project "HibernateTestApp"] INFO  o.e.m.j.i.AbstractJavaProjectConfigurator - Adding source folder /HibernateTestApp/src/main/java
2022-03-08 10:34:56,461 [Worker-5: Creating project "HibernateTestApp"] INFO  o.e.m.j.i.AbstractJavaProjectConfigurator - Adding resource folder /HibernateTestApp/src/main/resources
2022-03-08 10:34:56,463 [Worker-5: Creating project "HibernateTestApp"] INFO  o.e.m.j.i.AbstractJavaProjectConfigurator - Adding source folder /HibernateTestApp/src/test/java
2022-03-08 10:34:56,464 [Worker-5: Creating project "HibernateTestApp"] INFO  o.e.m.j.i.AbstractJavaProjectConfigurator - Adding resource folder /HibernateTestApp/src/test/resources
2022-03-08 10:34:57,625 [Worker-10: Building] WARN  o.e.m.c.i.embedder.EclipseLogger - Using platform encoding (Cp1252 actually) to copy filtered resources, i.e. build is platform dependent!
2022-03-08 10:34:57,648 [Worker-10: Building] INFO  o.e.m.c.i.embedder.EclipseLogger - Copying 0 resource
2022-03-08 10:34:57,653 [Worker-10: Building] WARN  o.e.m.c.i.embedder.EclipseLogger - Using platform encoding (Cp1252 actually) to copy filtered resources, i.e. build is platform dependent!
2022-03-08 10:34:57,656 [Worker-10: Building] INFO  o.e.m.c.i.embedder.EclipseLogger - Copying 0 resource
2022-03-08 10:34:57,954 [Worker-10: Building] WARN  o.e.m.c.i.embedder.EclipseLogger - Using platform encoding (Cp1252 actually) to copy filtered resources, i.e. build is platform dependent!
2022-03-08 10:34:57,956 [Worker-10: Building] INFO  o.e.m.c.i.embedder.EclipseLogger - Copying 0 resource
2022-03-08 10:34:57,959 [Worker-10: Building] WARN  o.e.m.c.i.embedder.EclipseLogger - Using platform encoding (Cp1252 actually) to copy filtered resources, i.e. build is platform dependent!
2022-03-08 10:34:57,961 [Worker-10: Building] INFO  o.e.m.c.i.embedder.EclipseLogger - Copying 0 resource
